# JRE version: OpenJDK Runtime Environment (11.0.10) (build 11.0.10+0-b96-7249189)
# Java VM: OpenJDK 64-Bit Server VM (11.0.10+0-b96-7249189, mixed mode, tiered, compressed oops, g1 gc, windows-amd64)
Heap:
 garbage-first heap   total 189440K, used 76934K [0x0000000080000000, 0x0000000100000000)
  region size 1024K, 5 young (5120K), 5 survivors (5120K)
 Metaspace       used 62247K, capacity 63975K, committed 64256K, reserved 1105920K
  class space    used 7994K, capacity 8592K, committed 8704K, reserved 1048576K
GC Heap History (20 events):
Event: 2.310 GC heap after
{Heap after GC invocations=2 (full 0):
 garbage-first heap   total 131072K, used 16672K [0x0000000080000000, 0x0000000100000000)
  region size 1024K, 10 young (10240K), 10 survivors (10240K)
 Metaspace       used 17990K, capacity 18524K, committed 18688K, reserved 1064960K
  class space    used 2142K, capacity 2283K, committed 2304K, reserved 1048576K
}
Event: 2.515 GC heap before
{Heap before GC invocations=2 (full 0):
 garbage-first heap   total 131072K, used 37152K [0x0000000080000000, 0x0000000100000000)
  region size 1024K, 31 young (31744K), 10 survivors (10240K)
 Metaspace       used 20542K, capacity 21135K, committed 21248K, reserved 1067008K
  class space    used 2512K, capacity 2733K, committed 2816K, reserved 1048576K
}
Event: 2.523 GC heap after
{Heap after GC invocations=3 (full 0):
 garbage-first heap   total 131072K, used 16881K [0x0000000080000000, 0x0000000100000000)
  region size 1024K, 1 young (1024K), 1 survivors (1024K)
 Metaspace       used 20542K, capacity 21135K, committed 21248K, reserved 1067008K
  class space    used 2512K, capacity 2733K, committed 2816K, reserved 1048576K
}
Event: 3.099 GC heap before
{Heap before GC invocations=4 (full 0):
 garbage-first heap   total 131072K, used 65009K [0x0000000080000000, 0x0000000100000000)
  region size 1024K, 49 young (50176K), 1 survivors (1024K)
 Metaspace       used 25786K, capacity 26436K, committed 26752K, reserved 1073152K
  class space    used 3370K, capacity 3590K, committed 3712K, reserved 1048576K
}
Event: 3.102 GC heap after
{Heap after GC invocations=5 (full 0):
 garbage-first heap   total 131072K, used 18566K [0x0000000080000000, 0x0000000100000000)
  region size 1024K, 3 young (3072K), 3 survivors (3072K)
 Metaspace       used 25786K, capacity 26436K, committed 26752K, reserved 1073152K
  class space    used 3370K, capacity 3590K, committed 3712K, reserved 1048576K
}
Event: 3.862 GC heap before
{Heap before GC invocations=5 (full 0):
 garbage-first heap   total 131072K, used 83078K [0x0000000080000000, 0x0000000100000000)
  region size 1024K, 57 young (58368K), 3 survivors (3072K)
 Metaspace       used 30670K, capacity 31524K, committed 31616K, reserved 1077248K
  class space    used 4152K, capacity 4453K, committed 4480K, reserved 1048576K
}
Event: 3.867 GC heap after
{Heap after GC invocations=6 (full 0):
 garbage-first heap   total 131072K, used 33046K [0x0000000080000000, 0x0000000100000000)
  region size 1024K, 7 young (7168K), 7 survivors (7168K)
 Metaspace       used 30670K, capacity 31524K, committed 31616K, reserved 1077248K
  class space    used 4152K, capacity 4453K, committed 4480K, reserved 1048576K
}
Event: 4.271 GC heap before
{Heap before GC invocations=6 (full 0):
 garbage-first heap   total 131072K, used 46358K [0x0000000080000000, 0x0000000100000000)
  region size 1024K, 21 young (21504K), 7 survivors (7168K)
 Metaspace       used 34871K, capacity 35735K, committed 35840K, reserved 1081344K
  class space    used 4560K, capacity 4899K, committed 4992K, reserved 1048576K
}
Event: 4.283 GC heap after
{Heap after GC invocations=7 (full 0):
 garbage-first heap   total 131072K, used 35226K [0x0000000080000000, 0x0000000100000000)
  region size 1024K, 3 young (3072K), 3 survivors (3072K)
 Metaspace       used 34871K, capacity 35735K, committed 35840K, reserved 1081344K
  class space    used 4560K, capacity 4899K, committed 4992K, reserved 1048576K
}
Event: 4.877 GC heap before
{Heap before GC invocations=8 (full 0):
 garbage-first heap   total 131072K, used 85402K [0x0000000080000000, 0x0000000100000000)
  region size 1024K, 50 young (51200K), 3 survivors (3072K)
 Metaspace       used 39753K, capacity 40738K, committed 40832K, reserved 1085440K
  class space    used 5077K, capacity 5433K, committed 5504K, reserved 1048576K
}
Event: 4.887 GC heap after
{Heap after GC invocations=9 (full 0):
 garbage-first heap   total 157696K, used 38756K [0x0000000080000000, 0x0000000100000000)
  region size 1024K, 6 young (6144K), 6 survivors (6144K)
 Metaspace       used 39753K, capacity 40738K, committed 40832K, reserved 1085440K
  class space    used 5077K, capacity 5433K, committed 5504K, reserved 1048576K
}
Event: 5.741 GC heap before
{Heap before GC invocations=10 (full 0):
 garbage-first heap   total 157696K, used 109412K [0x0000000080000000, 0x0000000100000000)
  region size 1024K, 67 young (68608K), 6 survivors (6144K)
 Metaspace       used 44404K, capacity 45611K, committed 45824K, reserved 1089536K
  class space    used 5594K, capacity 6049K, committed 6144K, reserved 1048576K
}
Event: 5.749 GC heap after
{Heap after GC invocations=11 (full 0):
 garbage-first heap   total 157696K, used 52069K [0x0000000080000000, 0x0000000100000000)
  region size 1024K, 9 young (9216K), 9 survivors (9216K)
 Metaspace       used 44404K, capacity 45611K, committed 45824K, reserved 1089536K
  class space    used 5594K, capacity 6049K, committed 6144K, reserved 1048576K
}
Event: 6.354 GC heap before
{Heap before GC invocations=11 (full 0):
 garbage-first heap   total 157696K, used 110437K [0x0000000080000000, 0x0000000100000000)
  region size 1024K, 66 young (67584K), 9 survivors (9216K)
 Metaspace       used 47684K, capacity 49037K, committed 49152K, reserved 1091584K
  class space    used 6143K, capacity 6595K, committed 6656K, reserved 1048576K
}
Event: 6.362 GC heap after
{Heap after GC invocations=12 (full 0):
 garbage-first heap   total 157696K, used 55823K [0x0000000080000000, 0x0000000100000000)
  region size 1024K, 4 young (4096K), 4 survivors (4096K)
 Metaspace       used 47684K, capacity 49037K, committed 49152K, reserved 1091584K
  class space    used 6143K, capacity 6595K, committed 6656K, reserved 1048576K
}
Event: 7.344 GC heap before
{Heap before GC invocations=12 (full 0):
 garbage-first heap   total 157696K, used 121359K [0x0000000080000000, 0x0000000100000000)
  region size 1024K, 61 young (62464K), 4 survivors (4096K)
 Metaspace       used 51116K, capacity 52609K, committed 52736K, reserved 1095680K
  class space    used 6632K, capacity 7136K, committed 7168K, reserved 1048576K
}
Event: 7.351 GC heap after
{Heap after GC invocations=13 (full 0):
 garbage-first heap   total 157696K, used 72086K [0x0000000080000000, 0x0000000100000000)
  region size 1024K, 8 young (8192K), 8 survivors (8192K)
 Metaspace       used 51116K, capacity 52609K, committed 52736K, reserved 1095680K
  class space    used 6632K, capacity 7136K, committed 7168K, reserved 1048576K
}
Event: 8.023 GC heap before
{Heap before GC invocations=13 (full 0):
 garbage-first heap   total 157696K, used 120214K [0x0000000080000000, 0x0000000100000000)
  region size 1024K, 55 young (56320K), 8 survivors (8192K)
 Metaspace       used 55409K, capacity 57005K, committed 57216K, reserved 1099776K
  class space    used 7176K, capacity 7701K, committed 7808K, reserved 1048576K
}
Event: 8.039 GC heap after
{Heap after GC invocations=14 (full 0):
 garbage-first heap   total 157696K, used 75630K [0x0000000080000000, 0x0000000100000000)
  region size 1024K, 4 young (4096K), 4 survivors (4096K)
 Metaspace       used 55409K, capacity 57005K, committed 57216K, reserved 1099776K
  class space    used 7176K, capacity 7701K, committed 7808K, reserved 1048576K
}
Event: 8.718 GC heap before
{Heap before GC invocations=14 (full 0):
 garbage-first heap   total 157696K, used 122734K [0x0000000080000000, 0x0000000100000000)
  region size 1024K, 50 young (51200K), 4 survivors (4096K)
 Metaspace       used 62247K, capacity 63975K, committed 64256K, reserved 1105920K
  class space    used 7994K, capacity 8592K, committed 8704K, reserved 1048576K
}

