# JRE version: OpenJDK Runtime Environment (11.0.10) (build 11.0.10+0-b96-7249189)
# Java VM: OpenJDK 64-Bit Server VM (11.0.10+0-b96-7249189, mixed mode, tiered, compressed oops, g1 gc, windows-amd64)
Heap:
 garbage-first heap   total 189440K, used 73710K [0x0000000080000000, 0x0000000100000000)
  region size 1024K, 9 young (9216K), 9 survivors (9216K)
 Metaspace       used 56696K, capacity 58369K, committed 58624K, reserved 1099776K
  class space    used 7216K, capacity 7816K, committed 7936K, reserved 1048576K
GC Heap History (20 events):
Event: 0.580 GC heap after
{Heap after GC invocations=1 (full 0):
 garbage-first heap   total 131072K, used 9076K [0x0000000080000000, 0x0000000100000000)
  region size 1024K, 3 young (3072K), 3 survivors (3072K)
 Metaspace       used 10178K, capacity 10429K, committed 10624K, reserved 1058816K
  class space    used 1064K, capacity 1139K, committed 1152K, reserved 1048576K
}
Event: 0.798 GC heap before
{Heap before GC invocations=1 (full 0):
 garbage-first heap   total 131072K, used 30580K [0x0000000080000000, 0x0000000100000000)
  region size 1024K, 24 young (24576K), 3 survivors (3072K)
 Metaspace       used 11094K, capacity 11382K, committed 11520K, reserved 1058816K
  class space    used 1165K, capacity 1243K, committed 1280K, reserved 1048576K
}
Event: 0.802 GC heap after
{Heap after GC invocations=2 (full 0):
 garbage-first heap   total 131072K, used 9664K [0x0000000080000000, 0x0000000100000000)
  region size 1024K, 1 young (1024K), 1 survivors (1024K)
 Metaspace       used 11094K, capacity 11382K, committed 11520K, reserved 1058816K
  class space    used 1165K, capacity 1243K, committed 1280K, reserved 1048576K
}
Event: 1.841 GC heap before
{Heap before GC invocations=2 (full 0):
 garbage-first heap   total 131072K, used 61888K [0x0000000080000000, 0x0000000100000000)
  region size 1024K, 52 young (53248K), 1 survivors (1024K)
 Metaspace       used 17750K, capacity 18223K, committed 18432K, reserved 1064960K
  class space    used 2101K, capacity 2249K, committed 2304K, reserved 1048576K
}
Event: 1.855 GC heap after
{Heap after GC invocations=3 (full 0):
 garbage-first heap   total 131072K, used 15886K [0x0000000080000000, 0x0000000100000000)
  region size 1024K, 7 young (7168K), 7 survivors (7168K)
 Metaspace       used 17750K, capacity 18223K, committed 18432K, reserved 1064960K
  class space    used 2101K, capacity 2249K, committed 2304K, reserved 1048576K
}
Event: 2.045 GC heap before
{Heap before GC invocations=3 (full 0):
 garbage-first heap   total 131072K, used 37390K [0x0000000080000000, 0x0000000100000000)
  region size 1024K, 29 young (29696K), 7 survivors (7168K)
 Metaspace       used 20576K, capacity 21127K, committed 21248K, reserved 1067008K
  class space    used 2515K, capacity 2733K, committed 2816K, reserved 1048576K
}
Event: 2.051 GC heap after
{Heap after GC invocations=4 (full 0):
 garbage-first heap   total 131072K, used 16643K [0x0000000080000000, 0x0000000100000000)
  region size 1024K, 1 young (1024K), 1 survivors (1024K)
 Metaspace       used 20576K, capacity 21127K, committed 21248K, reserved 1067008K
  class space    used 2515K, capacity 2733K, committed 2816K, reserved 1048576K
}
Event: 2.602 GC heap before
{Heap before GC invocations=5 (full 0):
 garbage-first heap   total 131072K, used 75011K [0x0000000080000000, 0x0000000100000000)
  region size 1024K, 54 young (55296K), 1 survivors (1024K)
 Metaspace       used 26040K, capacity 26751K, committed 27008K, reserved 1073152K
  class space    used 3414K, capacity 3651K, committed 3712K, reserved 1048576K
}
Event: 2.607 GC heap after
{Heap after GC invocations=6 (full 0):
 garbage-first heap   total 157696K, used 24255K [0x0000000080000000, 0x0000000100000000)
  region size 1024K, 4 young (4096K), 4 survivors (4096K)
 Metaspace       used 26040K, capacity 26751K, committed 27008K, reserved 1073152K
  class space    used 3414K, capacity 3651K, committed 3712K, reserved 1048576K
}
Event: 3.455 GC heap before
{Heap before GC invocations=6 (full 0):
 garbage-first heap   total 157696K, used 91839K [0x0000000080000000, 0x0000000100000000)
  region size 1024K, 65 young (66560K), 4 survivors (4096K)
 Metaspace       used 33646K, capacity 34532K, committed 34688K, reserved 1079296K
  class space    used 4443K, capacity 4733K, committed 4736K, reserved 1048576K
}
Event: 3.460 GC heap after
{Heap after GC invocations=7 (full 0):
 garbage-first heap   total 157696K, used 34421K [0x0000000080000000, 0x0000000100000000)
  region size 1024K, 9 young (9216K), 9 survivors (9216K)
 Metaspace       used 33646K, capacity 34532K, committed 34688K, reserved 1079296K
  class space    used 4443K, capacity 4733K, committed 4736K, reserved 1048576K
}
Event: 3.516 GC heap before
{Heap before GC invocations=7 (full 0):
 garbage-first heap   total 157696K, used 36469K [0x0000000080000000, 0x0000000100000000)
  region size 1024K, 12 young (12288K), 9 survivors (9216K)
 Metaspace       used 34857K, capacity 35727K, committed 35840K, reserved 1081344K
  class space    used 4560K, capacity 4899K, committed 4992K, reserved 1048576K
}
Event: 3.526 GC heap after
{Heap after GC invocations=8 (full 0):
 garbage-first heap   total 157696K, used 35250K [0x0000000080000000, 0x0000000100000000)
  region size 1024K, 6 young (6144K), 6 survivors (6144K)
 Metaspace       used 34857K, capacity 35727K, committed 35840K, reserved 1081344K
  class space    used 4560K, capacity 4899K, committed 4992K, reserved 1048576K
}
Event: 4.273 GC heap before
{Heap before GC invocations=9 (full 0):
 garbage-first heap   total 157696K, used 111026K [0x0000000080000000, 0x0000000100000000)
  region size 1024K, 77 young (78848K), 6 survivors (6144K)
 Metaspace       used 41671K, capacity 42697K, committed 43008K, reserved 1087488K
  class space    used 5376K, capacity 5774K, committed 5888K, reserved 1048576K
}
Event: 4.284 GC heap after
{Heap after GC invocations=10 (full 0):
 garbage-first heap   total 157696K, used 39449K [0x0000000080000000, 0x0000000100000000)
  region size 1024K, 5 young (5120K), 5 survivors (5120K)
 Metaspace       used 41671K, capacity 42697K, committed 43008K, reserved 1087488K
  class space    used 5376K, capacity 5774K, committed 5888K, reserved 1048576K
}
Event: 5.092 GC heap before
{Heap before GC invocations=11 (full 0):
 garbage-first heap   total 157696K, used 119321K [0x0000000080000000, 0x0000000100000000)
  region size 1024K, 75 young (76800K), 5 survivors (5120K)
 Metaspace       used 46102K, capacity 47340K, committed 47616K, reserved 1091584K
  class space    used 5868K, capacity 6329K, committed 6400K, reserved 1048576K
}
Event: 5.102 GC heap after
{Heap after GC invocations=12 (full 0):
 garbage-first heap   total 157696K, used 54071K [0x0000000080000000, 0x0000000100000000)
  region size 1024K, 10 young (10240K), 10 survivors (10240K)
 Metaspace       used 46102K, capacity 47340K, committed 47616K, reserved 1091584K
  class space    used 5868K, capacity 6329K, committed 6400K, reserved 1048576K
}
Event: 5.941 GC heap before
{Heap before GC invocations=12 (full 0):
 garbage-first heap   total 157696K, used 117559K [0x0000000080000000, 0x0000000100000000)
  region size 1024K, 73 young (74752K), 10 survivors (10240K)
 Metaspace       used 49540K, capacity 51019K, committed 51200K, reserved 1093632K
  class space    used 6343K, capacity 6822K, committed 6912K, reserved 1048576K
}
Event: 5.953 GC heap after
{Heap after GC invocations=13 (full 0):
 garbage-first heap   total 157696K, used 57512K [0x0000000080000000, 0x0000000100000000)
  region size 1024K, 4 young (4096K), 4 survivors (4096K)
 Metaspace       used 49540K, capacity 51019K, committed 51200K, reserved 1093632K
  class space    used 6343K, capacity 6822K, committed 6912K, reserved 1048576K
}
Event: 6.688 GC heap before
{Heap before GC invocations=13 (full 0):
 garbage-first heap   total 157696K, used 129192K [0x0000000080000000, 0x0000000100000000)
  region size 1024K, 66 young (67584K), 4 survivors (4096K)
 Metaspace       used 56696K, capacity 58369K, committed 58624K, reserved 1099776K
  class space    used 7216K, capacity 7816K, committed 7936K, reserved 1048576K
}

