# JRE version: OpenJDK Runtime Environment (11.0.10) (build 11.0.10+0-b96-7249189)
# Java VM: OpenJDK 64-Bit Server VM (11.0.10+0-b96-7249189, mixed mode, tiered, compressed oops, g1 gc, windows-amd64)
Heap:
 garbage-first heap   total 227328K, used 174092K [0x0000000080000000, 0x0000000100000000)
  region size 1024K, 68 young (69632K), 4 survivors (4096K)
 Metaspace       used 109919K, capacity 112793K, committed 113024K, reserved 1146880K
  class space    used 14167K, capacity 15209K, committed 15232K, reserved 1048576K
GC Heap History (20 events):
Event: 7.751 GC heap before
{Heap before GC invocations=15 (full 0):
 garbage-first heap   total 189440K, used 102935K [0x0000000080000000, 0x0000000100000000)
  region size 1024K, 30 young (30720K), 7 survivors (7168K)
 Metaspace       used 67293K, capacity 69030K, committed 69120K, reserved 1110016K
  class space    used 8548K, capacity 9157K, committed 9216K, reserved 1048576K
}
Event: 7.757 GC heap after
{Heap after GC invocations=16 (full 0):
 garbage-first heap   total 189440K, used 81812K [0x0000000080000000, 0x0000000100000000)
  region size 1024K, 2 young (2048K), 2 survivors (2048K)
 Metaspace       used 67293K, capacity 69030K, committed 69120K, reserved 1110016K
  class space    used 8548K, capacity 9157K, committed 9216K, reserved 1048576K
}
Event: 8.586 GC heap before
{Heap before GC invocations=17 (full 0):
 garbage-first heap   total 189440K, used 140180K [0x0000000080000000, 0x0000000100000000)
  region size 1024K, 59 young (60416K), 2 survivors (2048K)
 Metaspace       used 72463K, capacity 74417K, committed 74496K, reserved 1114112K
  class space    used 9283K, capacity 9927K, committed 9984K, reserved 1048576K
}
Event: 8.593 GC heap after
{Heap after GC invocations=18 (full 0):
 garbage-first heap   total 189440K, used 84928K [0x0000000080000000, 0x0000000100000000)
  region size 1024K, 5 young (5120K), 5 survivors (5120K)
 Metaspace       used 72463K, capacity 74417K, committed 74496K, reserved 1114112K
  class space    used 9283K, capacity 9927K, committed 9984K, reserved 1048576K
}
Event: 9.308 GC heap before
{Heap before GC invocations=18 (full 0):
 garbage-first heap   total 189440K, used 143296K [0x0000000080000000, 0x0000000100000000)
  region size 1024K, 62 young (63488K), 5 survivors (5120K)
 Metaspace       used 77549K, capacity 79473K, committed 79744K, reserved 1118208K
  class space    used 10076K, capacity 10758K, committed 10880K, reserved 1048576K
}
Event: 9.317 GC heap after
{Heap after GC invocations=19 (full 0):
 garbage-first heap   total 189440K, used 89514K [0x0000000080000000, 0x0000000100000000)
  region size 1024K, 8 young (8192K), 8 survivors (8192K)
 Metaspace       used 77549K, capacity 79473K, committed 79744K, reserved 1118208K
  class space    used 10076K, capacity 10758K, committed 10880K, reserved 1048576K
}
Event: 9.949 GC heap before
{Heap before GC invocations=19 (full 0):
 garbage-first heap   total 189440K, used 147882K [0x0000000080000000, 0x0000000100000000)
  region size 1024K, 65 young (66560K), 8 survivors (8192K)
 Metaspace       used 82240K, capacity 84399K, committed 84480K, reserved 1122304K
  class space    used 10724K, capacity 11451K, committed 11520K, reserved 1048576K
}
Event: 9.961 GC heap after
{Heap after GC invocations=20 (full 0):
 garbage-first heap   total 189440K, used 92513K [0x0000000080000000, 0x0000000100000000)
  region size 1024K, 8 young (8192K), 8 survivors (8192K)
 Metaspace       used 82240K, capacity 84399K, committed 84480K, reserved 1122304K
  class space    used 10724K, capacity 11451K, committed 11520K, reserved 1048576K
}
Event: 10.500 GC heap before
{Heap before GC invocations=20 (full 0):
 garbage-first heap   total 189440K, used 142689K [0x0000000080000000, 0x0000000100000000)
  region size 1024K, 58 young (59392K), 8 survivors (8192K)
 Metaspace       used 85081K, capacity 87429K, committed 87680K, reserved 1124352K
  class space    used 11081K, capacity 11881K, committed 11904K, reserved 1048576K
}
Event: 10.510 GC heap after
{Heap after GC invocations=21 (full 0):
 garbage-first heap   total 189440K, used 97094K [0x0000000080000000, 0x0000000100000000)
  region size 1024K, 8 young (8192K), 8 survivors (8192K)
 Metaspace       used 85081K, capacity 87429K, committed 87680K, reserved 1124352K
  class space    used 11081K, capacity 11881K, committed 11904K, reserved 1048576K
}
Event: 11.351 GC heap before
{Heap before GC invocations=22 (full 0):
 garbage-first heap   total 189440K, used 153414K [0x0000000080000000, 0x0000000100000000)
  region size 1024K, 62 young (63488K), 8 survivors (8192K)
 Metaspace       used 92423K, capacity 94750K, committed 94976K, reserved 1132544K
  class space    used 11951K, capacity 12726K, committed 12800K, reserved 1048576K
}
Event: 11.362 GC heap after
{Heap after GC invocations=23 (full 0):
 garbage-first heap   total 189440K, used 99076K [0x0000000080000000, 0x0000000100000000)
  region size 1024K, 7 young (7168K), 7 survivors (7168K)
 Metaspace       used 92423K, capacity 94750K, committed 94976K, reserved 1132544K
  class space    used 11951K, capacity 12726K, committed 12800K, reserved 1048576K
}
Event: 13.013 GC heap before
{Heap before GC invocations=23 (full 0):
 garbage-first heap   total 189440K, used 153348K [0x0000000080000000, 0x0000000100000000)
  region size 1024K, 61 young (62464K), 7 survivors (7168K)
 Metaspace       used 98770K, capacity 101188K, committed 101504K, reserved 1136640K
  class space    used 12778K, capacity 13623K, committed 13696K, reserved 1048576K
}
Event: 13.032 GC heap after
{Heap after GC invocations=24 (full 0):
 garbage-first heap   total 227328K, used 103422K [0x0000000080000000, 0x0000000100000000)
  region size 1024K, 8 young (8192K), 8 survivors (8192K)
 Metaspace       used 98770K, capacity 101188K, committed 101504K, reserved 1136640K
  class space    used 12778K, capacity 13623K, committed 13696K, reserved 1048576K
}
Event: 15.957 GC heap before
{Heap before GC invocations=25 (full 0):
 garbage-first heap   total 227328K, used 176126K [0x0000000080000000, 0x0000000100000000)
  region size 1024K, 80 young (81920K), 8 survivors (8192K)
 Metaspace       used 102061K, capacity 104787K, committed 105088K, reserved 1140736K
  class space    used 13181K, capacity 14103K, committed 14208K, reserved 1048576K
}
Event: 15.968 GC heap after
{Heap after GC invocations=26 (full 0):
 garbage-first heap   total 227328K, used 107093K [0x0000000080000000, 0x0000000100000000)
  region size 1024K, 8 young (8192K), 8 survivors (8192K)
 Metaspace       used 102061K, capacity 104787K, committed 105088K, reserved 1140736K
  class space    used 13181K, capacity 14103K, committed 14208K, reserved 1048576K
}
Event: 16.279 GC heap before
{Heap before GC invocations=26 (full 0):
 garbage-first heap   total 227328K, used 180821K [0x0000000080000000, 0x0000000100000000)
  region size 1024K, 80 young (81920K), 8 survivors (8192K)
 Metaspace       used 102970K, capacity 105683K, committed 105984K, reserved 1140736K
  class space    used 13273K, capacity 14230K, committed 14336K, reserved 1048576K
}
Event: 16.288 GC heap after
{Heap after GC invocations=27 (full 0):
 garbage-first heap   total 227328K, used 110631K [0x0000000080000000, 0x0000000100000000)
  region size 1024K, 8 young (8192K), 8 survivors (8192K)
 Metaspace       used 102970K, capacity 105683K, committed 105984K, reserved 1140736K
  class space    used 13273K, capacity 14230K, committed 14336K, reserved 1048576K
}
Event: 16.791 GC heap before
{Heap before GC invocations=27 (full 0):
 garbage-first heap   total 227328K, used 182311K [0x0000000080000000, 0x0000000100000000)
  region size 1024K, 79 young (80896K), 8 survivors (8192K)
 Metaspace       used 103925K, capacity 106629K, committed 106752K, reserved 1142784K
  class space    used 13335K, capacity 14275K, committed 14336K, reserved 1048576K
}
Event: 16.802 GC heap after
{Heap after GC invocations=28 (full 0):
 garbage-first heap   total 227328K, used 110604K [0x0000000080000000, 0x0000000100000000)
  region size 1024K, 4 young (4096K), 4 survivors (4096K)
 Metaspace       used 103925K, capacity 106629K, committed 106752K, reserved 1142784K
  class space    used 13335K, capacity 14275K, committed 14336K, reserved 1048576K
}

