# JRE version: OpenJDK Runtime Environment (11.0.10) (build 11.0.10+0-b96-7249189)
# Java VM: OpenJDK 64-Bit Server VM (11.0.10+0-b96-7249189, mixed mode, tiered, compressed oops, g1 gc, windows-amd64)
Heap:
 garbage-first heap   total 193536K, used 130323K [0x0000000080000000, 0x0000000100000000)
  region size 1024K, 66 young (67584K), 8 survivors (8192K)
 Metaspace       used 58026K, capacity 59745K, committed 60032K, reserved 1101824K
  class space    used 7410K, capacity 7975K, committed 8064K, reserved 1048576K
GC Heap History (20 events):
Event: 0.777 GC heap before
{Heap before GC invocations=1 (full 0):
 garbage-first heap   total 131072K, used 31651K [0x0000000080000000, 0x0000000100000000)
  region size 1024K, 25 young (25600K), 3 survivors (3072K)
 Metaspace       used 11093K, capacity 11318K, committed 11520K, reserved 1058816K
  class space    used 1165K, capacity 1243K, committed 1280K, reserved 1048576K
}
Event: 0.781 GC heap after
{Heap after GC invocations=2 (full 0):
 garbage-first heap   total 131072K, used 9899K [0x0000000080000000, 0x0000000100000000)
  region size 1024K, 1 young (1024K), 1 survivors (1024K)
 Metaspace       used 11093K, capacity 11318K, committed 11520K, reserved 1058816K
  class space    used 1165K, capacity 1243K, committed 1280K, reserved 1048576K
}
Event: 1.954 GC heap before
{Heap before GC invocations=2 (full 0):
 garbage-first heap   total 131072K, used 64171K [0x0000000080000000, 0x0000000100000000)
  region size 1024K, 54 young (55296K), 1 survivors (1024K)
 Metaspace       used 18182K, capacity 18679K, committed 18816K, reserved 1064960K
  class space    used 2176K, capacity 2316K, committed 2432K, reserved 1048576K
}
Event: 1.959 GC heap after
{Heap after GC invocations=3 (full 0):
 garbage-first heap   total 131072K, used 16440K [0x0000000080000000, 0x0000000100000000)
  region size 1024K, 7 young (7168K), 7 survivors (7168K)
 Metaspace       used 18182K, capacity 18679K, committed 18816K, reserved 1064960K
  class space    used 2176K, capacity 2316K, committed 2432K, reserved 1048576K
}
Event: 2.143 GC heap before
{Heap before GC invocations=3 (full 0):
 garbage-first heap   total 131072K, used 35896K [0x0000000080000000, 0x0000000100000000)
  region size 1024K, 27 young (27648K), 7 survivors (7168K)
 Metaspace       used 20582K, capacity 21127K, committed 21248K, reserved 1067008K
  class space    used 2518K, capacity 2733K, committed 2816K, reserved 1048576K
}
Event: 2.150 GC heap after
{Heap after GC invocations=4 (full 0):
 garbage-first heap   total 131072K, used 16944K [0x0000000080000000, 0x0000000100000000)
  region size 1024K, 1 young (1024K), 1 survivors (1024K)
 Metaspace       used 20582K, capacity 21127K, committed 21248K, reserved 1067008K
  class space    used 2518K, capacity 2733K, committed 2816K, reserved 1048576K
}
Event: 2.630 GC heap before
{Heap before GC invocations=5 (full 0):
 garbage-first heap   total 131072K, used 65072K [0x0000000080000000, 0x0000000100000000)
  region size 1024K, 49 young (50176K), 1 survivors (1024K)
 Metaspace       used 25790K, capacity 26471K, committed 26752K, reserved 1073152K
  class space    used 3377K, capacity 3626K, committed 3712K, reserved 1048576K
}
Event: 2.635 GC heap after
{Heap after GC invocations=6 (full 0):
 garbage-first heap   total 131072K, used 18666K [0x0000000080000000, 0x0000000100000000)
  region size 1024K, 3 young (3072K), 3 survivors (3072K)
 Metaspace       used 25790K, capacity 26471K, committed 26752K, reserved 1073152K
  class space    used 3377K, capacity 3626K, committed 3712K, reserved 1048576K
}
Event: 3.308 GC heap before
{Heap before GC invocations=6 (full 0):
 garbage-first heap   total 131072K, used 83178K [0x0000000080000000, 0x0000000100000000)
  region size 1024K, 56 young (57344K), 3 survivors (3072K)
 Metaspace       used 30449K, capacity 31356K, committed 31616K, reserved 1077248K
  class space    used 4125K, capacity 4421K, committed 4480K, reserved 1048576K
}
Event: 3.313 GC heap after
{Heap after GC invocations=7 (full 0):
 garbage-first heap   total 157696K, used 33333K [0x0000000080000000, 0x0000000100000000)
  region size 1024K, 7 young (7168K), 7 survivors (7168K)
 Metaspace       used 30449K, capacity 31356K, committed 31616K, reserved 1077248K
  class space    used 4125K, capacity 4421K, committed 4480K, reserved 1048576K
}
Event: 3.663 GC heap before
{Heap before GC invocations=7 (full 0):
 garbage-first heap   total 157696K, used 47669K [0x0000000080000000, 0x0000000100000000)
  region size 1024K, 22 young (22528K), 7 survivors (7168K)
 Metaspace       used 34863K, capacity 35727K, committed 35840K, reserved 1081344K
  class space    used 4562K, capacity 4899K, committed 4992K, reserved 1048576K
}
Event: 3.678 GC heap after
{Heap after GC invocations=8 (full 0):
 garbage-first heap   total 157696K, used 35279K [0x0000000080000000, 0x0000000100000000)
  region size 1024K, 7 young (7168K), 7 survivors (7168K)
 Metaspace       used 34863K, capacity 35727K, committed 35840K, reserved 1081344K
  class space    used 4562K, capacity 4899K, committed 4992K, reserved 1048576K
}
Event: 4.292 GC heap before
{Heap before GC invocations=9 (full 0):
 garbage-first heap   total 157696K, used 92623K [0x0000000080000000, 0x0000000100000000)
  region size 1024K, 61 young (62464K), 7 survivors (7168K)
 Metaspace       used 40378K, capacity 41362K, committed 41472K, reserved 1085440K
  class space    used 5185K, capacity 5539K, committed 5632K, reserved 1048576K
}
Event: 4.312 GC heap after
{Heap after GC invocations=10 (full 0):
 garbage-first heap   total 157696K, used 39634K [0x0000000080000000, 0x0000000100000000)
  region size 1024K, 7 young (7168K), 7 survivors (7168K)
 Metaspace       used 40378K, capacity 41362K, committed 41472K, reserved 1085440K
  class space    used 5185K, capacity 5539K, committed 5632K, reserved 1048576K
}
Event: 4.954 GC heap before
{Heap before GC invocations=11 (full 0):
 garbage-first heap   total 157696K, used 106194K [0x0000000080000000, 0x0000000100000000)
  region size 1024K, 64 young (65536K), 7 survivors (7168K)
 Metaspace       used 44400K, capacity 45616K, committed 45824K, reserved 1089536K
  class space    used 5599K, capacity 6053K, committed 6144K, reserved 1048576K
}
Event: 4.965 GC heap after
{Heap after GC invocations=12 (full 0):
 garbage-first heap   total 157696K, used 52183K [0x0000000080000000, 0x0000000100000000)
  region size 1024K, 8 young (8192K), 8 survivors (8192K)
 Metaspace       used 44400K, capacity 45616K, committed 45824K, reserved 1089536K
  class space    used 5599K, capacity 6053K, committed 6144K, reserved 1048576K
}
Event: 5.464 GC heap before
{Heap before GC invocations=12 (full 0):
 garbage-first heap   total 157696K, used 107479K [0x0000000080000000, 0x0000000100000000)
  region size 1024K, 62 young (63488K), 8 survivors (8192K)
 Metaspace       used 47654K, capacity 49029K, committed 49152K, reserved 1091584K
  class space    used 6141K, capacity 6595K, committed 6656K, reserved 1048576K
}
Event: 5.475 GC heap after
{Heap after GC invocations=13 (full 0):
 garbage-first heap   total 157696K, used 55697K [0x0000000080000000, 0x0000000100000000)
  region size 1024K, 4 young (4096K), 4 survivors (4096K)
 Metaspace       used 47654K, capacity 49029K, committed 49152K, reserved 1091584K
  class space    used 6141K, capacity 6595K, committed 6656K, reserved 1048576K
}
Event: 6.160 GC heap before
{Heap before GC invocations=13 (full 0):
 garbage-first heap   total 157696K, used 118161K [0x0000000080000000, 0x0000000100000000)
  region size 1024K, 58 young (59392K), 4 survivors (4096K)
 Metaspace       used 49985K, capacity 51520K, committed 51840K, reserved 1093632K
  class space    used 6411K, capacity 6943K, committed 7040K, reserved 1048576K
}
Event: 6.168 GC heap after
{Heap after GC invocations=14 (full 0):
 garbage-first heap   total 193536K, used 71955K [0x0000000080000000, 0x0000000100000000)
  region size 1024K, 8 young (8192K), 8 survivors (8192K)
 Metaspace       used 49985K, capacity 51520K, committed 51840K, reserved 1093632K
  class space    used 6411K, capacity 6943K, committed 7040K, reserved 1048576K
}

